2021-07-16 11:44:46.861  WARN 6900 --- [restartedMain] JpaBaseConfiguration$JpaWebConfiguration : spring.jpa.open-in-view is enabled by default. Therefore, database queries may be performed during view rendering. Explicitly configure spring.jpa.open-in-view to disable this warning
2021-07-16 11:44:47.019 DEBUG 6900 --- [restartedMain] s.w.s.m.m.a.RequestMappingHandlerAdapter : ControllerAdvice beans: 0 @ModelAttribute, 0 @InitBinder, 1 RequestBodyAdvice, 1 ResponseBodyAdvice
2021-07-16 11:44:47.116 DEBUG 6900 --- [restartedMain] s.w.s.m.m.a.RequestMappingHandlerMapping : 5 mappings in 'requestMappingHandlerMapping'
2021-07-16 11:44:47.151 DEBUG 6900 --- [restartedMain] o.s.w.s.handler.SimpleUrlHandlerMapping  : Patterns [/webjars/**, /**] in 'resourceHandlerMapping'
2021-07-16 11:44:47.164 DEBUG 6900 --- [restartedMain] .m.m.a.ExceptionHandlerExceptionResolver : ControllerAdvice beans: 1 @ExceptionHandler, 1 ResponseBodyAdvice
2021-07-16 11:49:55.346  INFO 6900 --- [http-nio-8080-exec-2] o.s.web.servlet.DispatcherServlet        : Initializing Servlet 'dispatcherServlet'
2021-07-16 11:49:55.347 DEBUG 6900 --- [http-nio-8080-exec-2] o.s.web.servlet.DispatcherServlet        : Detected StandardServletMultipartResolver
2021-07-16 11:49:55.347 DEBUG 6900 --- [http-nio-8080-exec-2] o.s.web.servlet.DispatcherServlet        : Detected AcceptHeaderLocaleResolver
2021-07-16 11:49:55.347 DEBUG 6900 --- [http-nio-8080-exec-2] o.s.web.servlet.DispatcherServlet        : Detected FixedThemeResolver
2021-07-16 11:49:55.348 DEBUG 6900 --- [http-nio-8080-exec-2] o.s.web.servlet.DispatcherServlet        : Detected org.springframework.web.servlet.view.DefaultRequestToViewNameTranslator@1d4b1434
2021-07-16 11:49:55.348 DEBUG 6900 --- [http-nio-8080-exec-2] o.s.web.servlet.DispatcherServlet        : Detected org.springframework.web.servlet.support.SessionFlashMapManager@400075e4
2021-07-16 11:49:55.349 DEBUG 6900 --- [http-nio-8080-exec-2] o.s.web.servlet.DispatcherServlet        : enableLoggingRequestDetails='false': request parameters and headers will be masked to prevent unsafe logging of potentially sensitive data
2021-07-16 11:49:55.349  INFO 6900 --- [http-nio-8080-exec-2] o.s.web.servlet.DispatcherServlet        : Completed initialization in 3 ms
2021-07-16 11:49:55.361 DEBUG 6900 --- [http-nio-8080-exec-2] o.s.web.servlet.DispatcherServlet        : GET "/categorias/1", parameters={}
2021-07-16 11:49:55.367 DEBUG 6900 --- [http-nio-8080-exec-2] s.w.s.m.m.a.RequestMappingHandlerMapping : Mapped to com.udemy.cursomc.resources.CategoriaResource#find(Integer)
2021-07-16 11:49:55.427 DEBUG 6900 --- [http-nio-8080-exec-2] o.s.w.s.m.m.a.HttpEntityMethodProcessor  : Using 'application/json', given [*/*] and supported [application/json, application/*+json, application/json, application/*+json]
2021-07-16 11:49:55.428 DEBUG 6900 --- [http-nio-8080-exec-2] o.s.w.s.m.m.a.HttpEntityMethodProcessor  : Writing [Optional[com.udemy.cursomc.domain.Categoria@20]]
2021-07-16 11:49:55.494 DEBUG 6900 --- [http-nio-8080-exec-2] o.s.web.servlet.DispatcherServlet        : Completed 200 OK
2021-07-16 12:06:53.434 DEBUG 6900 --- [http-nio-8080-exec-5] o.s.web.servlet.DispatcherServlet        : GET "/categorias/1", parameters={}
2021-07-16 12:06:53.436 DEBUG 6900 --- [http-nio-8080-exec-5] s.w.s.m.m.a.RequestMappingHandlerMapping : Mapped to com.udemy.cursomc.resources.CategoriaResource#find(Integer)
2021-07-16 12:06:53.475 DEBUG 6900 --- [http-nio-8080-exec-5] o.s.w.s.m.m.a.HttpEntityMethodProcessor  : Using 'application/json', given [*/*] and supported [application/json, application/*+json, application/json, application/*+json]
2021-07-16 12:06:53.477 DEBUG 6900 --- [http-nio-8080-exec-5] o.s.w.s.m.m.a.HttpEntityMethodProcessor  : Writing [Optional[com.udemy.cursomc.domain.Categoria@20]]
2021-07-16 12:06:53.484 DEBUG 6900 --- [http-nio-8080-exec-5] o.s.web.servlet.DispatcherServlet        : Completed 200 OK
2021-07-16 12:15:13.827  WARN 6900 --- [RMI TCP Connection(39)-127.0.0.1] o.s.b.f.support.DisposableBeanAdapter    : Invocation of destroy method failed on bean with name 'inMemoryDatabaseShutdownExecutor': org.h2.jdbc.JdbcSQLNonTransientConnectionException: Database is already closed (to disable automatic closing at VM shutdown, add ";DB_CLOSE_ON_EXIT=FALSE" to the db URL) [90121-200]
2021-07-16 13:03:55.464  WARN 280 --- [restartedMain] JpaBaseConfiguration$JpaWebConfiguration : spring.jpa.open-in-view is enabled by default. Therefore, database queries may be performed during view rendering. Explicitly configure spring.jpa.open-in-view to disable this warning
2021-07-16 13:03:55.681 DEBUG 280 --- [restartedMain] s.w.s.m.m.a.RequestMappingHandlerAdapter : ControllerAdvice beans: 0 @ModelAttribute, 0 @InitBinder, 1 RequestBodyAdvice, 1 ResponseBodyAdvice
2021-07-16 13:03:55.834 DEBUG 280 --- [restartedMain] s.w.s.m.m.a.RequestMappingHandlerMapping : 6 mappings in 'requestMappingHandlerMapping'
2021-07-16 13:03:55.913 DEBUG 280 --- [restartedMain] o.s.w.s.handler.SimpleUrlHandlerMapping  : Patterns [/webjars/**, /**] in 'resourceHandlerMapping'
2021-07-16 13:03:55.940 DEBUG 280 --- [restartedMain] .m.m.a.ExceptionHandlerExceptionResolver : ControllerAdvice beans: 1 @ExceptionHandler, 1 ResponseBodyAdvice
2021-07-16 13:04:17.817  INFO 280 --- [http-nio-8080-exec-2] o.s.web.servlet.DispatcherServlet        : Initializing Servlet 'dispatcherServlet'
2021-07-16 13:04:17.818 DEBUG 280 --- [http-nio-8080-exec-2] o.s.web.servlet.DispatcherServlet        : Detected StandardServletMultipartResolver
2021-07-16 13:04:17.818 DEBUG 280 --- [http-nio-8080-exec-2] o.s.web.servlet.DispatcherServlet        : Detected AcceptHeaderLocaleResolver
2021-07-16 13:04:17.819 DEBUG 280 --- [http-nio-8080-exec-2] o.s.web.servlet.DispatcherServlet        : Detected FixedThemeResolver
2021-07-16 13:04:17.820 DEBUG 280 --- [http-nio-8080-exec-2] o.s.web.servlet.DispatcherServlet        : Detected org.springframework.web.servlet.view.DefaultRequestToViewNameTranslator@6937a30c
2021-07-16 13:04:17.821 DEBUG 280 --- [http-nio-8080-exec-2] o.s.web.servlet.DispatcherServlet        : Detected org.springframework.web.servlet.support.SessionFlashMapManager@aedc73
2021-07-16 13:04:17.821 DEBUG 280 --- [http-nio-8080-exec-2] o.s.web.servlet.DispatcherServlet        : enableLoggingRequestDetails='false': request parameters and headers will be masked to prevent unsafe logging of potentially sensitive data
2021-07-16 13:04:17.821  INFO 280 --- [http-nio-8080-exec-2] o.s.web.servlet.DispatcherServlet        : Completed initialization in 3 ms
2021-07-16 13:04:17.836 DEBUG 280 --- [http-nio-8080-exec-2] o.s.web.servlet.DispatcherServlet        : GET "/categorias/1", parameters={}
2021-07-16 13:04:17.845 DEBUG 280 --- [http-nio-8080-exec-2] s.w.s.m.m.a.RequestMappingHandlerMapping : Mapped to com.udemy.cursomc.resources.CategoriaResource#find(Integer)
2021-07-16 13:04:17.916 DEBUG 280 --- [http-nio-8080-exec-2] o.s.w.s.m.m.a.HttpEntityMethodProcessor  : Using 'application/json', given [*/*] and supported [application/json, application/*+json, application/json, application/*+json]
2021-07-16 13:04:17.918 DEBUG 280 --- [http-nio-8080-exec-2] o.s.w.s.m.m.a.HttpEntityMethodProcessor  : Writing [Optional[com.udemy.cursomc.domain.Categoria@20]]
2021-07-16 13:04:18.015 DEBUG 280 --- [http-nio-8080-exec-2] o.s.web.servlet.DispatcherServlet        : Completed 200 OK
2021-07-16 13:06:46.034 DEBUG 280 --- [http-nio-8080-exec-5] o.s.web.servlet.DispatcherServlet        : POST "/categorias", parameters={}
2021-07-16 13:06:46.035 DEBUG 280 --- [http-nio-8080-exec-5] s.w.s.m.m.a.RequestMappingHandlerMapping : Mapped to com.udemy.cursomc.resources.CategoriaResource#insert(Categoria)
2021-07-16 13:06:46.074 DEBUG 280 --- [http-nio-8080-exec-5] o.s.w.s.m.m.a.HttpEntityMethodProcessor  : Using 'application/json', given [*/*] and supported [application/json, application/*+json, application/json, application/*+json]
2021-07-16 13:06:46.074 DEBUG 280 --- [http-nio-8080-exec-5] o.s.w.s.m.m.a.HttpEntityMethodProcessor  : Nothing to write: null body
2021-07-16 13:06:46.075 DEBUG 280 --- [http-nio-8080-exec-5] o.s.web.servlet.DispatcherServlet        : Completed 201 CREATED
2021-07-16 13:07:22.370 DEBUG 280 --- [http-nio-8080-exec-6] o.s.web.servlet.DispatcherServlet        : GET "/categorias/3", parameters={}
2021-07-16 13:07:22.371 DEBUG 280 --- [http-nio-8080-exec-6] s.w.s.m.m.a.RequestMappingHandlerMapping : Mapped to com.udemy.cursomc.resources.CategoriaResource#find(Integer)
2021-07-16 13:07:22.375 DEBUG 280 --- [http-nio-8080-exec-6] o.s.w.s.m.m.a.HttpEntityMethodProcessor  : Using 'application/json', given [*/*] and supported [application/json, application/*+json, application/json, application/*+json]
2021-07-16 13:07:22.376 DEBUG 280 --- [http-nio-8080-exec-6] o.s.w.s.m.m.a.HttpEntityMethodProcessor  : Writing [Optional[com.udemy.cursomc.domain.Categoria@22]]
2021-07-16 13:07:22.379 DEBUG 280 --- [http-nio-8080-exec-6] o.s.web.servlet.DispatcherServlet        : Completed 200 OK
2021-07-16 13:07:37.199 DEBUG 280 --- [http-nio-8080-exec-7] o.s.web.servlet.DispatcherServlet        : GET "/categorias/3", parameters={}
2021-07-16 13:07:37.200 DEBUG 280 --- [http-nio-8080-exec-7] s.w.s.m.m.a.RequestMappingHandlerMapping : Mapped to com.udemy.cursomc.resources.CategoriaResource#find(Integer)
2021-07-16 13:07:37.203 DEBUG 280 --- [http-nio-8080-exec-7] o.s.w.s.m.m.a.HttpEntityMethodProcessor  : Using 'application/json', given [*/*] and supported [application/json, application/*+json, application/json, application/*+json]
2021-07-16 13:07:37.204 DEBUG 280 --- [http-nio-8080-exec-7] o.s.w.s.m.m.a.HttpEntityMethodProcessor  : Writing [Optional[com.udemy.cursomc.domain.Categoria@22]]
2021-07-16 13:07:37.208 DEBUG 280 --- [http-nio-8080-exec-7] o.s.web.servlet.DispatcherServlet        : Completed 200 OK
2021-07-16 13:09:00.250 DEBUG 280 --- [http-nio-8080-exec-10] o.s.web.servlet.DispatcherServlet        : GET "/categorias/3", parameters={}
2021-07-16 13:09:00.251 DEBUG 280 --- [http-nio-8080-exec-10] s.w.s.m.m.a.RequestMappingHandlerMapping : Mapped to com.udemy.cursomc.resources.CategoriaResource#find(Integer)
2021-07-16 13:09:00.255 DEBUG 280 --- [http-nio-8080-exec-10] o.s.w.s.m.m.a.HttpEntityMethodProcessor  : Using 'application/json', given [*/*] and supported [application/json, application/*+json, application/json, application/*+json]
2021-07-16 13:09:00.256 DEBUG 280 --- [http-nio-8080-exec-10] o.s.w.s.m.m.a.HttpEntityMethodProcessor  : Writing [Optional[com.udemy.cursomc.domain.Categoria@22]]
2021-07-16 13:09:00.259 DEBUG 280 --- [http-nio-8080-exec-10] o.s.web.servlet.DispatcherServlet        : Completed 200 OK
2021-07-16 13:54:51.196  WARN 280 --- [RMI TCP Connection(59)-127.0.0.1] o.s.b.f.support.DisposableBeanAdapter    : Invocation of destroy method failed on bean with name 'inMemoryDatabaseShutdownExecutor': org.h2.jdbc.JdbcSQLNonTransientConnectionException: Database is already closed (to disable automatic closing at VM shutdown, add ";DB_CLOSE_ON_EXIT=FALSE" to the db URL) [90121-200]
2021-07-16 13:56:39.410  WARN 1224 --- [restartedMain] JpaBaseConfiguration$JpaWebConfiguration : spring.jpa.open-in-view is enabled by default. Therefore, database queries may be performed during view rendering. Explicitly configure spring.jpa.open-in-view to disable this warning
2021-07-16 13:56:39.556 DEBUG 1224 --- [restartedMain] s.w.s.m.m.a.RequestMappingHandlerAdapter : ControllerAdvice beans: 0 @ModelAttribute, 0 @InitBinder, 1 RequestBodyAdvice, 1 ResponseBodyAdvice
2021-07-16 13:56:39.645 DEBUG 1224 --- [restartedMain] s.w.s.m.m.a.RequestMappingHandlerMapping : 6 mappings in 'requestMappingHandlerMapping'
2021-07-16 13:56:39.688 DEBUG 1224 --- [restartedMain] o.s.w.s.handler.SimpleUrlHandlerMapping  : Patterns [/webjars/**, /**] in 'resourceHandlerMapping'
2021-07-16 13:56:39.703 DEBUG 1224 --- [restartedMain] .m.m.a.ExceptionHandlerExceptionResolver : ControllerAdvice beans: 1 @ExceptionHandler, 1 ResponseBodyAdvice
2021-07-16 13:57:18.030  INFO 1224 --- [http-nio-8080-exec-2] o.s.web.servlet.DispatcherServlet        : Initializing Servlet 'dispatcherServlet'
2021-07-16 13:57:18.030 DEBUG 1224 --- [http-nio-8080-exec-2] o.s.web.servlet.DispatcherServlet        : Detected StandardServletMultipartResolver
2021-07-16 13:57:18.030 DEBUG 1224 --- [http-nio-8080-exec-2] o.s.web.servlet.DispatcherServlet        : Detected AcceptHeaderLocaleResolver
2021-07-16 13:57:18.031 DEBUG 1224 --- [http-nio-8080-exec-2] o.s.web.servlet.DispatcherServlet        : Detected FixedThemeResolver
2021-07-16 13:57:18.031 DEBUG 1224 --- [http-nio-8080-exec-2] o.s.web.servlet.DispatcherServlet        : Detected org.springframework.web.servlet.view.DefaultRequestToViewNameTranslator@6eb7a069
2021-07-16 13:57:18.032 DEBUG 1224 --- [http-nio-8080-exec-2] o.s.web.servlet.DispatcherServlet        : Detected org.springframework.web.servlet.support.SessionFlashMapManager@54f0beef
2021-07-16 13:57:18.032 DEBUG 1224 --- [http-nio-8080-exec-2] o.s.web.servlet.DispatcherServlet        : enableLoggingRequestDetails='false': request parameters and headers will be masked to prevent unsafe logging of potentially sensitive data
2021-07-16 13:57:18.032  INFO 1224 --- [http-nio-8080-exec-2] o.s.web.servlet.DispatcherServlet        : Completed initialization in 2 ms
2021-07-16 13:57:18.040 DEBUG 1224 --- [http-nio-8080-exec-2] o.s.web.servlet.DispatcherServlet        : POST "/categorias", parameters={}
2021-07-16 13:57:18.043 DEBUG 1224 --- [http-nio-8080-exec-2] s.w.s.m.m.a.RequestMappingHandlerMapping : Mapped to com.udemy.cursomc.resources.CategoriaResource#insert(Categoria)
2021-07-16 13:57:18.113 DEBUG 1224 --- [http-nio-8080-exec-2] m.m.a.RequestResponseBodyMethodProcessor : Read "application/json;charset=UTF-8" to [com.udemy.cursomc.domain.Categoria@1f]
2021-07-16 13:57:18.141 DEBUG 1224 --- [http-nio-8080-exec-2] o.s.w.s.m.m.a.HttpEntityMethodProcessor  : Using 'application/json', given [*/*] and supported [application/json, application/*+json, application/json, application/*+json]
2021-07-16 13:57:18.142 DEBUG 1224 --- [http-nio-8080-exec-2] o.s.w.s.m.m.a.HttpEntityMethodProcessor  : Nothing to write: null body
2021-07-16 13:57:18.143 DEBUG 1224 --- [http-nio-8080-exec-2] o.s.web.servlet.DispatcherServlet        : Completed 201 CREATED
2021-07-16 13:57:57.887 DEBUG 1224 --- [http-nio-8080-exec-3] o.s.web.servlet.DispatcherServlet        : GET "/categorias/3", parameters={}
2021-07-16 13:57:57.888 DEBUG 1224 --- [http-nio-8080-exec-3] s.w.s.m.m.a.RequestMappingHandlerMapping : Mapped to com.udemy.cursomc.resources.CategoriaResource#find(Integer)
2021-07-16 13:57:57.900 DEBUG 1224 --- [http-nio-8080-exec-3] o.s.w.s.m.m.a.HttpEntityMethodProcessor  : Using 'application/json', given [*/*] and supported [application/json, application/*+json, application/json, application/*+json]
2021-07-16 13:57:57.901 DEBUG 1224 --- [http-nio-8080-exec-3] o.s.w.s.m.m.a.HttpEntityMethodProcessor  : Writing [Optional[com.udemy.cursomc.domain.Categoria@22]]
